Сборка начата 19.04.2024 15:35:08.
Уровень детализации журнала: Normal.     1>Проект "C:\Users\bartyy\Desktop\ЛАБЫ\2sem\ОАИП БЕЛОДЕД\laba10\laba10\var6\var6.vcxproj" в узле 2 (целевые объекты Build).
     1>PrepareForBuild:
         Структурированный вывод включен. Форматирование диагностики компилятора будет отражать иерархию ошибок. Подробнее см. https://aka.ms/cpp/structured-output.
         Создание каталога "x64\Debug\var6.tlog\".
       InitializeBuildStatus:
         Создание "x64\Debug\var6.tlog\unsuccessfulbuild", так как было задано "AlwaysCreate".
         Обращение к "x64\Debug\var6.tlog\unsuccessfulbuild".
       ClCompile:
         C:\Program Files\Microsoft Visual Studio\2022\Enterprise\VC\Tools\MSVC\14.38.33130\bin\HostX64\x64\CL.exe /c /ZI /JMC /nologo /W3 /WX- /diagnostics:column /sdl /Od /D _DEBUG /D _CONSOLE /D _UNICODE /D UNICODE /Gm- /EHsc /RTC1 /MDd /GS /fp:precise /Zc:wchar_t /Zc:forScope /Zc:inline /permissive- /Fo"x64\Debug\\" /Fd"x64\Debug\vc143.pdb" /external:W3 /Gd /TP /FC /errorReport:prompt var6.cpp
         var6.cpp
     1>C:\Users\bartyy\Desktop\ЛАБЫ\2sem\ОАИП БЕЛОДЕД\laba10\laba10\var6\var6.cpp(14): warning C4715: A: значение возвращается не при всех путях выполнения
       Link:
         C:\Program Files\Microsoft Visual Studio\2022\Enterprise\VC\Tools\MSVC\14.38.33130\bin\HostX64\x64\link.exe /ERRORREPORT:PROMPT /OUT:"C:\Users\bartyy\Desktop\ЛАБЫ\2sem\ОАИП БЕЛОДЕД\laba10\laba10\x64\Debug\var6.exe" /INCREMENTAL /ILK:"x64\Debug\var6.ilk" /NOLOGO kernel32.lib user32.lib gdi32.lib winspool.lib comdlg32.lib advapi32.lib shell32.lib ole32.lib oleaut32.lib uuid.lib odbc32.lib odbccp32.lib /MANIFEST /MANIFESTUAC:"level='asInvoker' uiAccess='false'" /manifest:embed /DEBUG /PDB:"C:\Users\bartyy\Desktop\ЛАБЫ\2sem\ОАИП БЕЛОДЕД\laba10\laba10\x64\Debug\var6.pdb" /SUBSYSTEM:CONSOLE /TLBID:1 /DYNAMICBASE /NXCOMPAT /IMPLIB:"C:\Users\bartyy\Desktop\ЛАБЫ\2sem\ОАИП БЕЛОДЕД\laba10\laba10\x64\Debug\var6.lib" /MACHINE:X64 x64\Debug\var6.obj
         var6.vcxproj -> C:\Users\bartyy\Desktop\ЛАБЫ\2sem\ОАИП БЕЛОДЕД\laba10\laba10\x64\Debug\var6.exe
       FinalizeBuildStatus:
         Файл "x64\Debug\var6.tlog\unsuccessfulbuild" удаляется.
         Обращение к "x64\Debug\var6.tlog\var6.lastbuildstate".
     1>Сборка проекта "C:\Users\bartyy\Desktop\ЛАБЫ\2sem\ОАИП БЕЛОДЕД\laba10\laba10\var6\var6.vcxproj" завершена (целевые объекты Build).

Сборка успешно завершена.

       "C:\Users\bartyy\Desktop\ЛАБЫ\2sem\ОАИП БЕЛОДЕД\laba10\laba10\var6\var6.vcxproj" (целевой объект Build ) (1) ->
       (Целевой объект ClCompile) -> 
         C:\Users\bartyy\Desktop\ЛАБЫ\2sem\ОАИП БЕЛОДЕД\laba10\laba10\var6\var6.cpp(14): warning C4715: A: значение возвращается не при всех путях выполнения

    Предупреждений: 1
    Ошибок: 0

Прошло времени 00:00:00.81
