Сборка начата 01.03.2024 1:35:18.
Уровень детализации журнала: Normal.     1>Проект "C:\Users\user\Desktop\VS\оаип\2 сем\лр5\lab5 dop12,1\lab5 dop12,1\lab5 dop12,1.vcxproj" в узле 2 (целевые объекты Build).
     1>PrepareForBuild:
         Структурированный вывод включен. Форматирование диагностики компилятора будет отражать иерархию ошибок. Подробнее см. https://aka.ms/cpp/structured-output.
       InitializeBuildStatus:
         Обращение к "x64\Debug\lab5 dop12,1.tlog\unsuccessfulbuild".
       ClCompile:
         C:\Program Files\Microsoft Visual Studio\2022\Community\VC\Tools\MSVC\14.38.33130\bin\HostX64\x64\CL.exe /c /ZI /JMC /nologo /W3 /WX- /diagnostics:column /sdl /Od /D _DEBUG /D _CONSOLE /D _UNICODE /D UNICODE /Gm- /EHsc /RTC1 /MDd /GS /fp:precise /Zc:wchar_t /Zc:forScope /Zc:inline /permissive- /Fo"x64\Debug\\" /Fd"x64\Debug\vc143.pdb" /external:W3 /Gd /TP /FC /errorReport:prompt "lab5 dop12,1.cpp"
         lab5 dop12,1.cpp
     1>C:\Users\user\Desktop\VS\оаип\2 сем\лр5\lab5 dop12,1\lab5 dop12,1\lab5 dop12,1.cpp(41,9): error C2678: бинарный ">>": не найден оператор, принимающий левый операнд типа "std::istream" (или приемлемое преобразование отсутствует)
         C:\Program Files\Microsoft Visual Studio\2022\Community\VC\Tools\MSVC\14.38.33130\include\istream(296,39):
         может быть "std::basic_istream<char,std::char_traits<char>> &std::basic_istream<char,std::char_traits<char>>::operator >>(std::basic_streambuf<char,std::char_traits<char>> *)"
         C:\Program Files\Microsoft Visual Studio\2022\Community\VC\Tools\MSVC\14.38.33130\include\istream(292,39):
         или       "std::basic_istream<char,std::char_traits<char>> &std::basic_istream<char,std::char_traits<char>>::operator >>(void *&)"
         C:\Program Files\Microsoft Visual Studio\2022\Community\VC\Tools\MSVC\14.38.33130\include\istream(288,39):
         или       "std::basic_istream<char,std::char_traits<char>> &std::basic_istream<char,std::char_traits<char>>::operator >>(long double &)"
         C:\Program Files\Microsoft Visual Studio\2022\Community\VC\Tools\MSVC\14.38.33130\include\istream(284,39):
         или       "std::basic_istream<char,std::char_traits<char>> &std::basic_istream<char,std::char_traits<char>>::operator >>(double &)"
         C:\Program Files\Microsoft Visual Studio\2022\Community\VC\Tools\MSVC\14.38.33130\include\istream(280,39):
         или       "std::basic_istream<char,std::char_traits<char>> &std::basic_istream<char,std::char_traits<char>>::operator >>(float &)"
         C:\Program Files\Microsoft Visual Studio\2022\Community\VC\Tools\MSVC\14.38.33130\include\istream(276,39):
         или       "std::basic_istream<char,std::char_traits<char>> &std::basic_istream<char,std::char_traits<char>>::operator >>(unsigned __int64 &)"
         C:\Program Files\Microsoft Visual Studio\2022\Community\VC\Tools\MSVC\14.38.33130\include\istream(272,39):
         или       "std::basic_istream<char,std::char_traits<char>> &std::basic_istream<char,std::char_traits<char>>::operator >>(__int64 &)"
         C:\Program Files\Microsoft Visual Studio\2022\Community\VC\Tools\MSVC\14.38.33130\include\istream(268,39):
         или       "std::basic_istream<char,std::char_traits<char>> &std::basic_istream<char,std::char_traits<char>>::operator >>(unsigned long &)"
         C:\Program Files\Microsoft Visual Studio\2022\Community\VC\Tools\MSVC\14.38.33130\include\istream(264,39):
         или       "std::basic_istream<char,std::char_traits<char>> &std::basic_istream<char,std::char_traits<char>>::operator >>(long &)"
         C:\Program Files\Microsoft Visual Studio\2022\Community\VC\Tools\MSVC\14.38.33130\include\istream(260,39):
         или       "std::basic_istream<char,std::char_traits<char>> &std::basic_istream<char,std::char_traits<char>>::operator >>(unsigned int &)"
         C:\Program Files\Microsoft Visual Studio\2022\Community\VC\Tools\MSVC\14.38.33130\include\istream(252,39):
         или       "std::basic_istream<char,std::char_traits<char>> &std::basic_istream<char,std::char_traits<char>>::operator >>(int &)"
         C:\Program Files\Microsoft Visual Studio\2022\Community\VC\Tools\MSVC\14.38.33130\include\istream(248,39):
         или       "std::basic_istream<char,std::char_traits<char>> &std::basic_istream<char,std::char_traits<char>>::operator >>(unsigned short &)"
         C:\Program Files\Microsoft Visual Studio\2022\Community\VC\Tools\MSVC\14.38.33130\include\istream(216,39):
         или       "std::basic_istream<char,std::char_traits<char>> &std::basic_istream<char,std::char_traits<char>>::operator >>(short &)"
         C:\Program Files\Microsoft Visual Studio\2022\Community\VC\Tools\MSVC\14.38.33130\include\istream(212,39):
         или       "std::basic_istream<char,std::char_traits<char>> &std::basic_istream<char,std::char_traits<char>>::operator >>(bool &)"
         C:\Program Files\Microsoft Visual Studio\2022\Community\VC\Tools\MSVC\14.38.33130\include\istream(183,39):
         или       "std::basic_istream<char,std::char_traits<char>> &std::basic_istream<char,std::char_traits<char>>::operator >>(std::ios_base &(__cdecl *)(std::ios_base &))"
         C:\Program Files\Microsoft Visual Studio\2022\Community\VC\Tools\MSVC\14.38.33130\include\istream(178,39):
         или       "std::basic_istream<char,std::char_traits<char>> &std::basic_istream<char,std::char_traits<char>>::operator >>(std::basic_ios<char,std::char_traits<char>> &(__cdecl *)(std::basic_ios<char,std::char_traits<char>> &))"
         C:\Program Files\Microsoft Visual Studio\2022\Community\VC\Tools\MSVC\14.38.33130\include\istream(173,39):
         или       "std::basic_istream<char,std::char_traits<char>> &std::basic_istream<char,std::char_traits<char>>::operator >>(std::basic_istream<char,std::char_traits<char>> &(__cdecl *)(std::basic_istream<char,std::char_traits<char>> &))"
         C:\Users\user\Desktop\VS\оаип\2 сем\лр5\lab5 dop12,1\lab5 dop12,1\lab5 dop12,1.cpp(41,9):
         или       "встроенный оператор C++>>(int, int)"
         C:\Program Files\Microsoft Visual Studio\2022\Community\VC\Tools\MSVC\14.38.33130\include\istream(900,9):
         или       "_Istr &&std::operator >>(_Istr &&,_Ty &&)"
         	C:\Users\user\Desktop\VS\оаип\2 сем\лр5\lab5 dop12,1\lab5 dop12,1\lab5 dop12,1.cpp(41,9):
         	"_Istr &&std::operator >>(_Istr &&,_Ty &&)": не удается вывести аргумент шаблон для "__formal"
         		C:\Program Files\Microsoft Visual Studio\2022\Community\VC\Tools\MSVC\14.38.33130\include\istream(899,102):
         		"<template-parameter>": невозможно создать указатель на ссылку
         C:\Program Files\Microsoft Visual Studio\2022\Community\VC\Tools\MSVC\14.38.33130\include\istream(887,31):
         или       "std::basic_istream<char,_Traits> &std::operator >>(std::basic_istream<char,_Traits> &,unsigned char &)"
         	C:\Users\user\Desktop\VS\оаип\2 сем\лр5\lab5 dop12,1\lab5 dop12,1\lab5 dop12,1.cpp(41,25):
         	инициализация: невозможно преобразовать "int" в "unsigned char &"
         C:\Program Files\Microsoft Visual Studio\2022\Community\VC\Tools\MSVC\14.38.33130\include\istream(881,31):
         или       "std::basic_istream<char,_Traits> &std::operator >>(std::basic_istream<char,_Traits> &,signed char &)"
         	C:\Users\user\Desktop\VS\оаип\2 сем\лр5\lab5 dop12,1\lab5 dop12,1\lab5 dop12,1.cpp(41,25):
         	инициализация: невозможно преобразовать "int" в "signed char &"
         C:\Program Files\Microsoft Visual Studio\2022\Community\VC\Tools\MSVC\14.38.33130\include\istream(858,32):
         или       "std::basic_istream<_Elem,_Traits> &std::operator >>(std::basic_istream<_Elem,_Traits> &,_Elem &)"
         	C:\Users\user\Desktop\VS\оаип\2 сем\лр5\lab5 dop12,1\lab5 dop12,1\lab5 dop12,1.cpp(41,9):
         	"std::basic_istream<_Elem,_Traits> &std::operator >>(std::basic_istream<_Elem,_Traits> &,_Elem &)": в шаблон параметр "_Elem" неоднозначен
         		C:\Users\user\Desktop\VS\оаип\2 сем\лр5\lab5 dop12,1\lab5 dop12,1\lab5 dop12,1.cpp(41,9):
         		может быть "int"
         		C:\Users\user\Desktop\VS\оаип\2 сем\лр5\lab5 dop12,1\lab5 dop12,1\lab5 dop12,1.cpp(41,9):
         		или       "char"
         	C:\Users\user\Desktop\VS\оаип\2 сем\лр5\lab5 dop12,1\lab5 dop12,1\lab5 dop12,1.cpp(41,9):
         	'std::basic_istream<_Elem,_Traits> &std::operator >>(std::basic_istream<_Elem,_Traits> &,_Elem &)': не удалось вывести аргумент шаблон для '_Elem &' из 'int'
         C:\Program Files\Microsoft Visual Studio\2022\Community\VC\Tools\MSVC\14.38.33130\include\istream(852,31):
         или       "std::basic_istream<char,_Traits> &std::operator >>(std::basic_istream<char,_Traits> &,unsigned char *)"
         	C:\Users\user\Desktop\VS\оаип\2 сем\лр5\lab5 dop12,1\lab5 dop12,1\lab5 dop12,1.cpp(41,25):
         	инициализация: невозможно преобразовать "int" в "unsigned char *"
         		C:\Users\user\Desktop\VS\оаип\2 сем\лр5\lab5 dop12,1\lab5 dop12,1\lab5 dop12,1.cpp(41,25):
         		Для преобразования из целого типа в указатель требуется reinterpret_cast, приведение в стиле С или приведение в стиле функции в круглых скобках
         C:\Program Files\Microsoft Visual Studio\2022\Community\VC\Tools\MSVC\14.38.33130\include\istream(847,31):
         или       "std::basic_istream<char,_Traits> &std::operator >>(std::basic_istream<char,_Traits> &,signed char *)"
         	C:\Users\user\Desktop\VS\оаип\2 сем\лр5\lab5 dop12,1\lab5 dop12,1\lab5 dop12,1.cpp(41,25):
         	инициализация: невозможно преобразовать "int" в "signed char *"
         		C:\Users\user\Desktop\VS\оаип\2 сем\лр5\lab5 dop12,1\lab5 dop12,1\lab5 dop12,1.cpp(41,25):
         		Для преобразования из целого типа в указатель требуется reinterpret_cast, приведение в стиле С или приведение в стиле функции в круглых скобках
         C:\Program Files\Microsoft Visual Studio\2022\Community\VC\Tools\MSVC\14.38.33130\include\istream(842,32):
         или       "std::basic_istream<_Elem,_Traits> &std::operator >>(std::basic_istream<_Elem,_Traits> &,_Elem *)"
         	C:\Users\user\Desktop\VS\оаип\2 сем\лр5\lab5 dop12,1\lab5 dop12,1\lab5 dop12,1.cpp(41,9):
         	'std::basic_istream<_Elem,_Traits> &std::operator >>(std::basic_istream<_Elem,_Traits> &,_Elem *)': не удалось вывести аргумент шаблон для '_Elem *' из 'int'
         C:\Program Files\Microsoft Visual Studio\2022\Community\VC\Tools\MSVC\14.38.33130\include\xstring(5144,32):
         или       "std::basic_istream<_Elem,_Traits> &std::operator >>(std::basic_istream<_Elem,_Traits> &,std::basic_string<_Elem,_Traits,_Alloc> &)"
         	C:\Users\user\Desktop\VS\оаип\2 сем\лр5\lab5 dop12,1\lab5 dop12,1\lab5 dop12,1.cpp(41,9):
         	'std::basic_istream<_Elem,_Traits> &std::operator >>(std::basic_istream<_Elem,_Traits> &,std::basic_string<_Elem,_Traits,_Alloc> &)': не удалось вывести аргумент шаблон для 'std::basic_string<_Elem,_Traits,_Alloc> &' из 'int'
         C:\Users\user\Desktop\VS\оаип\2 сем\лр5\lab5 dop12,1\lab5 dop12,1\lab5 dop12,1.cpp(41,9):
         при попытке сопоставить список аргументов "(std::istream, int)"
         
     1>C:\Users\user\Desktop\VS\оаип\2 сем\лр5\lab5 dop12,1\lab5 dop12,1\lab5 dop12,1.cpp(43,9): error C2678: бинарный ">>": не найден оператор, принимающий левый операнд типа "std::istream" (или приемлемое преобразование отсутствует)
         C:\Program Files\Microsoft Visual Studio\2022\Community\VC\Tools\MSVC\14.38.33130\include\istream(296,39):
         может быть "std::basic_istream<char,std::char_traits<char>> &std::basic_istream<char,std::char_traits<char>>::operator >>(std::basic_streambuf<char,std::char_traits<char>> *)"
         C:\Program Files\Microsoft Visual Studio\2022\Community\VC\Tools\MSVC\14.38.33130\include\istream(292,39):
         или       "std::basic_istream<char,std::char_traits<char>> &std::basic_istream<char,std::char_traits<char>>::operator >>(void *&)"
         C:\Program Files\Microsoft Visual Studio\2022\Community\VC\Tools\MSVC\14.38.33130\include\istream(288,39):
         или       "std::basic_istream<char,std::char_traits<char>> &std::basic_istream<char,std::char_traits<char>>::operator >>(long double &)"
         C:\Program Files\Microsoft Visual Studio\2022\Community\VC\Tools\MSVC\14.38.33130\include\istream(284,39):
         или       "std::basic_istream<char,std::char_traits<char>> &std::basic_istream<char,std::char_traits<char>>::operator >>(double &)"
         C:\Program Files\Microsoft Visual Studio\2022\Community\VC\Tools\MSVC\14.38.33130\include\istream(280,39):
         или       "std::basic_istream<char,std::char_traits<char>> &std::basic_istream<char,std::char_traits<char>>::operator >>(float &)"
         C:\Program Files\Microsoft Visual Studio\2022\Community\VC\Tools\MSVC\14.38.33130\include\istream(276,39):
         или       "std::basic_istream<char,std::char_traits<char>> &std::basic_istream<char,std::char_traits<char>>::operator >>(unsigned __int64 &)"
         C:\Program Files\Microsoft Visual Studio\2022\Community\VC\Tools\MSVC\14.38.33130\include\istream(272,39):
         или       "std::basic_istream<char,std::char_traits<char>> &std::basic_istream<char,std::char_traits<char>>::operator >>(__int64 &)"
         C:\Program Files\Microsoft Visual Studio\2022\Community\VC\Tools\MSVC\14.38.33130\include\istream(268,39):
         или       "std::basic_istream<char,std::char_traits<char>> &std::basic_istream<char,std::char_traits<char>>::operator >>(unsigned long &)"
         C:\Program Files\Microsoft Visual Studio\2022\Community\VC\Tools\MSVC\14.38.33130\include\istream(264,39):
         или       "std::basic_istream<char,std::char_traits<char>> &std::basic_istream<char,std::char_traits<char>>::operator >>(long &)"
         C:\Program Files\Microsoft Visual Studio\2022\Community\VC\Tools\MSVC\14.38.33130\include\istream(260,39):
         или       "std::basic_istream<char,std::char_traits<char>> &std::basic_istream<char,std::char_traits<char>>::operator >>(unsigned int &)"
         C:\Program Files\Microsoft Visual Studio\2022\Community\VC\Tools\MSVC\14.38.33130\include\istream(252,39):
         или       "std::basic_istream<char,std::char_traits<char>> &std::basic_istream<char,std::char_traits<char>>::operator >>(int &)"
         C:\Program Files\Microsoft Visual Studio\2022\Community\VC\Tools\MSVC\14.38.33130\include\istream(248,39):
         или       "std::basic_istream<char,std::char_traits<char>> &std::basic_istream<char,std::char_traits<char>>::operator >>(unsigned short &)"
         C:\Program Files\Microsoft Visual Studio\2022\Community\VC\Tools\MSVC\14.38.33130\include\istream(216,39):
         или       "std::basic_istream<char,std::char_traits<char>> &std::basic_istream<char,std::char_traits<char>>::operator >>(short &)"
         C:\Program Files\Microsoft Visual Studio\2022\Community\VC\Tools\MSVC\14.38.33130\include\istream(212,39):
         или       "std::basic_istream<char,std::char_traits<char>> &std::basic_istream<char,std::char_traits<char>>::operator >>(bool &)"
         C:\Program Files\Microsoft Visual Studio\2022\Community\VC\Tools\MSVC\14.38.33130\include\istream(183,39):
         или       "std::basic_istream<char,std::char_traits<char>> &std::basic_istream<char,std::char_traits<char>>::operator >>(std::ios_base &(__cdecl *)(std::ios_base &))"
         C:\Program Files\Microsoft Visual Studio\2022\Community\VC\Tools\MSVC\14.38.33130\include\istream(178,39):
         или       "std::basic_istream<char,std::char_traits<char>> &std::basic_istream<char,std::char_traits<char>>::operator >>(std::basic_ios<char,std::char_traits<char>> &(__cdecl *)(std::basic_ios<char,std::char_traits<char>> &))"
         C:\Program Files\Microsoft Visual Studio\2022\Community\VC\Tools\MSVC\14.38.33130\include\istream(173,39):
         или       "std::basic_istream<char,std::char_traits<char>> &std::basic_istream<char,std::char_traits<char>>::operator >>(std::basic_istream<char,std::char_traits<char>> &(__cdecl *)(std::basic_istream<char,std::char_traits<char>> &))"
         C:\Users\user\Desktop\VS\оаип\2 сем\лр5\lab5 dop12,1\lab5 dop12,1\lab5 dop12,1.cpp(43,9):
         или       "встроенный оператор C++>>(int, int)"
         C:\Program Files\Microsoft Visual Studio\2022\Community\VC\Tools\MSVC\14.38.33130\include\istream(900,9):
         или       "_Istr &&std::operator >>(_Istr &&,_Ty &&)"
         	C:\Users\user\Desktop\VS\оаип\2 сем\лр5\lab5 dop12,1\lab5 dop12,1\lab5 dop12,1.cpp(43,9):
         	"_Istr &&std::operator >>(_Istr &&,_Ty &&)": не удается вывести аргумент шаблон для "__formal"
         		C:\Program Files\Microsoft Visual Studio\2022\Community\VC\Tools\MSVC\14.38.33130\include\istream(899,102):
         		"<template-parameter>": невозможно создать указатель на ссылку
         C:\Program Files\Microsoft Visual Studio\2022\Community\VC\Tools\MSVC\14.38.33130\include\istream(887,31):
         или       "std::basic_istream<char,_Traits> &std::operator >>(std::basic_istream<char,_Traits> &,unsigned char &)"
         	C:\Users\user\Desktop\VS\оаип\2 сем\лр5\lab5 dop12,1\lab5 dop12,1\lab5 dop12,1.cpp(43,25):
         	инициализация: невозможно преобразовать "int" в "unsigned char &"
         C:\Program Files\Microsoft Visual Studio\2022\Community\VC\Tools\MSVC\14.38.33130\include\istream(881,31):
         или       "std::basic_istream<char,_Traits> &std::operator >>(std::basic_istream<char,_Traits> &,signed char &)"
         	C:\Users\user\Desktop\VS\оаип\2 сем\лр5\lab5 dop12,1\lab5 dop12,1\lab5 dop12,1.cpp(43,25):
         	инициализация: невозможно преобразовать "int" в "signed char &"
         C:\Program Files\Microsoft Visual Studio\2022\Community\VC\Tools\MSVC\14.38.33130\include\istream(858,32):
         или       "std::basic_istream<_Elem,_Traits> &std::operator >>(std::basic_istream<_Elem,_Traits> &,_Elem &)"
         	C:\Users\user\Desktop\VS\оаип\2 сем\лр5\lab5 dop12,1\lab5 dop12,1\lab5 dop12,1.cpp(43,9):
         	"std::basic_istream<_Elem,_Traits> &std::operator >>(std::basic_istream<_Elem,_Traits> &,_Elem &)": в шаблон параметр "_Elem" неоднозначен
         		C:\Users\user\Desktop\VS\оаип\2 сем\лр5\lab5 dop12,1\lab5 dop12,1\lab5 dop12,1.cpp(43,9):
         		может быть "int"
         		C:\Users\user\Desktop\VS\оаип\2 сем\лр5\lab5 dop12,1\lab5 dop12,1\lab5 dop12,1.cpp(43,9):
         		или       "char"
         	C:\Users\user\Desktop\VS\оаип\2 сем\лр5\lab5 dop12,1\lab5 dop12,1\lab5 dop12,1.cpp(43,9):
         	'std::basic_istream<_Elem,_Traits> &std::operator >>(std::basic_istream<_Elem,_Traits> &,_Elem &)': не удалось вывести аргумент шаблон для '_Elem &' из 'int'
         C:\Program Files\Microsoft Visual Studio\2022\Community\VC\Tools\MSVC\14.38.33130\include\istream(852,31):
         или       "std::basic_istream<char,_Traits> &std::operator >>(std::basic_istream<char,_Traits> &,unsigned char *)"
         	C:\Users\user\Desktop\VS\оаип\2 сем\лр5\lab5 dop12,1\lab5 dop12,1\lab5 dop12,1.cpp(43,25):
         	инициализация: невозможно преобразовать "int" в "unsigned char *"
         		C:\Users\user\Desktop\VS\оаип\2 сем\лр5\lab5 dop12,1\lab5 dop12,1\lab5 dop12,1.cpp(43,25):
         		Для преобразования из целого типа в указатель требуется reinterpret_cast, приведение в стиле С или приведение в стиле функции в круглых скобках
         C:\Program Files\Microsoft Visual Studio\2022\Community\VC\Tools\MSVC\14.38.33130\include\istream(847,31):
         или       "std::basic_istream<char,_Traits> &std::operator >>(std::basic_istream<char,_Traits> &,signed char *)"
         	C:\Users\user\Desktop\VS\оаип\2 сем\лр5\lab5 dop12,1\lab5 dop12,1\lab5 dop12,1.cpp(43,25):
         	инициализация: невозможно преобразовать "int" в "signed char *"
         		C:\Users\user\Desktop\VS\оаип\2 сем\лр5\lab5 dop12,1\lab5 dop12,1\lab5 dop12,1.cpp(43,25):
         		Для преобразования из целого типа в указатель требуется reinterpret_cast, приведение в стиле С или приведение в стиле функции в круглых скобках
         C:\Program Files\Microsoft Visual Studio\2022\Community\VC\Tools\MSVC\14.38.33130\include\istream(842,32):
         или       "std::basic_istream<_Elem,_Traits> &std::operator >>(std::basic_istream<_Elem,_Traits> &,_Elem *)"
         	C:\Users\user\Desktop\VS\оаип\2 сем\лр5\lab5 dop12,1\lab5 dop12,1\lab5 dop12,1.cpp(43,9):
         	'std::basic_istream<_Elem,_Traits> &std::operator >>(std::basic_istream<_Elem,_Traits> &,_Elem *)': не удалось вывести аргумент шаблон для '_Elem *' из 'int'
         C:\Program Files\Microsoft Visual Studio\2022\Community\VC\Tools\MSVC\14.38.33130\include\xstring(5144,32):
         или       "std::basic_istream<_Elem,_Traits> &std::operator >>(std::basic_istream<_Elem,_Traits> &,std::basic_string<_Elem,_Traits,_Alloc> &)"
         	C:\Users\user\Desktop\VS\оаип\2 сем\лр5\lab5 dop12,1\lab5 dop12,1\lab5 dop12,1.cpp(43,9):
         	'std::basic_istream<_Elem,_Traits> &std::operator >>(std::basic_istream<_Elem,_Traits> &,std::basic_string<_Elem,_Traits,_Alloc> &)': не удалось вывести аргумент шаблон для 'std::basic_string<_Elem,_Traits,_Alloc> &' из 'int'
         C:\Users\user\Desktop\VS\оаип\2 сем\лр5\lab5 dop12,1\lab5 dop12,1\lab5 dop12,1.cpp(43,9):
         при попытке сопоставить список аргументов "(std::istream, int)"
         
     1>C:\Users\user\Desktop\VS\оаип\2 сем\лр5\lab5 dop12,1\lab5 dop12,1\lab5 dop12,1.cpp(45,9): error C2678: бинарный ">>": не найден оператор, принимающий левый операнд типа "std::istream" (или приемлемое преобразование отсутствует)
         C:\Program Files\Microsoft Visual Studio\2022\Community\VC\Tools\MSVC\14.38.33130\include\istream(296,39):
         может быть "std::basic_istream<char,std::char_traits<char>> &std::basic_istream<char,std::char_traits<char>>::operator >>(std::basic_streambuf<char,std::char_traits<char>> *)"
         C:\Program Files\Microsoft Visual Studio\2022\Community\VC\Tools\MSVC\14.38.33130\include\istream(292,39):
         или       "std::basic_istream<char,std::char_traits<char>> &std::basic_istream<char,std::char_traits<char>>::operator >>(void *&)"
         C:\Program Files\Microsoft Visual Studio\2022\Community\VC\Tools\MSVC\14.38.33130\include\istream(288,39):
         или       "std::basic_istream<char,std::char_traits<char>> &std::basic_istream<char,std::char_traits<char>>::operator >>(long double &)"
         C:\Program Files\Microsoft Visual Studio\2022\Community\VC\Tools\MSVC\14.38.33130\include\istream(284,39):
         или       "std::basic_istream<char,std::char_traits<char>> &std::basic_istream<char,std::char_traits<char>>::operator >>(double &)"
         C:\Program Files\Microsoft Visual Studio\2022\Community\VC\Tools\MSVC\14.38.33130\include\istream(280,39):
         или       "std::basic_istream<char,std::char_traits<char>> &std::basic_istream<char,std::char_traits<char>>::operator >>(float &)"
         C:\Program Files\Microsoft Visual Studio\2022\Community\VC\Tools\MSVC\14.38.33130\include\istream(276,39):
         или       "std::basic_istream<char,std::char_traits<char>> &std::basic_istream<char,std::char_traits<char>>::operator >>(unsigned __int64 &)"
         C:\Program Files\Microsoft Visual Studio\2022\Community\VC\Tools\MSVC\14.38.33130\include\istream(272,39):
         или       "std::basic_istream<char,std::char_traits<char>> &std::basic_istream<char,std::char_traits<char>>::operator >>(__int64 &)"
         C:\Program Files\Microsoft Visual Studio\2022\Community\VC\Tools\MSVC\14.38.33130\include\istream(268,39):
         или       "std::basic_istream<char,std::char_traits<char>> &std::basic_istream<char,std::char_traits<char>>::operator >>(unsigned long &)"
         C:\Program Files\Microsoft Visual Studio\2022\Community\VC\Tools\MSVC\14.38.33130\include\istream(264,39):
         или       "std::basic_istream<char,std::char_traits<char>> &std::basic_istream<char,std::char_traits<char>>::operator >>(long &)"
         C:\Program Files\Microsoft Visual Studio\2022\Community\VC\Tools\MSVC\14.38.33130\include\istream(260,39):
         или       "std::basic_istream<char,std::char_traits<char>> &std::basic_istream<char,std::char_traits<char>>::operator >>(unsigned int &)"
         C:\Program Files\Microsoft Visual Studio\2022\Community\VC\Tools\MSVC\14.38.33130\include\istream(252,39):
         или       "std::basic_istream<char,std::char_traits<char>> &std::basic_istream<char,std::char_traits<char>>::operator >>(int &)"
         C:\Program Files\Microsoft Visual Studio\2022\Community\VC\Tools\MSVC\14.38.33130\include\istream(248,39):
         или       "std::basic_istream<char,std::char_traits<char>> &std::basic_istream<char,std::char_traits<char>>::operator >>(unsigned short &)"
         C:\Program Files\Microsoft Visual Studio\2022\Community\VC\Tools\MSVC\14.38.33130\include\istream(216,39):
         или       "std::basic_istream<char,std::char_traits<char>> &std::basic_istream<char,std::char_traits<char>>::operator >>(short &)"
         C:\Program Files\Microsoft Visual Studio\2022\Community\VC\Tools\MSVC\14.38.33130\include\istream(212,39):
         или       "std::basic_istream<char,std::char_traits<char>> &std::basic_istream<char,std::char_traits<char>>::operator >>(bool &)"
         C:\Program Files\Microsoft Visual Studio\2022\Community\VC\Tools\MSVC\14.38.33130\include\istream(183,39):
         или       "std::basic_istream<char,std::char_traits<char>> &std::basic_istream<char,std::char_traits<char>>::operator >>(std::ios_base &(__cdecl *)(std::ios_base &))"
         C:\Program Files\Microsoft Visual Studio\2022\Community\VC\Tools\MSVC\14.38.33130\include\istream(178,39):
         или       "std::basic_istream<char,std::char_traits<char>> &std::basic_istream<char,std::char_traits<char>>::operator >>(std::basic_ios<char,std::char_traits<char>> &(__cdecl *)(std::basic_ios<char,std::char_traits<char>> &))"
         C:\Program Files\Microsoft Visual Studio\2022\Community\VC\Tools\MSVC\14.38.33130\include\istream(173,39):
         или       "std::basic_istream<char,std::char_traits<char>> &std::basic_istream<char,std::char_traits<char>>::operator >>(std::basic_istream<char,std::char_traits<char>> &(__cdecl *)(std::basic_istream<char,std::char_traits<char>> &))"
         C:\Users\user\Desktop\VS\оаип\2 сем\лр5\lab5 dop12,1\lab5 dop12,1\lab5 dop12,1.cpp(45,9):
         или       "встроенный оператор C++>>(int, int)"
         C:\Program Files\Microsoft Visual Studio\2022\Community\VC\Tools\MSVC\14.38.33130\include\istream(900,9):
         или       "_Istr &&std::operator >>(_Istr &&,_Ty &&)"
         	C:\Users\user\Desktop\VS\оаип\2 сем\лр5\lab5 dop12,1\lab5 dop12,1\lab5 dop12,1.cpp(45,9):
         	"_Istr &&std::operator >>(_Istr &&,_Ty &&)": не удается вывести аргумент шаблон для "__formal"
         		C:\Program Files\Microsoft Visual Studio\2022\Community\VC\Tools\MSVC\14.38.33130\include\istream(899,102):
         		"<template-parameter>": невозможно создать указатель на ссылку
         C:\Program Files\Microsoft Visual Studio\2022\Community\VC\Tools\MSVC\14.38.33130\include\istream(887,31):
         или       "std::basic_istream<char,_Traits> &std::operator >>(std::basic_istream<char,_Traits> &,unsigned char &)"
         	C:\Users\user\Desktop\VS\оаип\2 сем\лр5\lab5 dop12,1\lab5 dop12,1\lab5 dop12,1.cpp(45,25):
         	инициализация: невозможно преобразовать "int" в "unsigned char &"
         C:\Program Files\Microsoft Visual Studio\2022\Community\VC\Tools\MSVC\14.38.33130\include\istream(881,31):
         или       "std::basic_istream<char,_Traits> &std::operator >>(std::basic_istream<char,_Traits> &,signed char &)"
         	C:\Users\user\Desktop\VS\оаип\2 сем\лр5\lab5 dop12,1\lab5 dop12,1\lab5 dop12,1.cpp(45,25):
         	инициализация: невозможно преобразовать "int" в "signed char &"
         C:\Program Files\Microsoft Visual Studio\2022\Community\VC\Tools\MSVC\14.38.33130\include\istream(858,32):
         или       "std::basic_istream<_Elem,_Traits> &std::operator >>(std::basic_istream<_Elem,_Traits> &,_Elem &)"
         	C:\Users\user\Desktop\VS\оаип\2 сем\лр5\lab5 dop12,1\lab5 dop12,1\lab5 dop12,1.cpp(45,9):
         	"std::basic_istream<_Elem,_Traits> &std::operator >>(std::basic_istream<_Elem,_Traits> &,_Elem &)": в шаблон параметр "_Elem" неоднозначен
         		C:\Users\user\Desktop\VS\оаип\2 сем\лр5\lab5 dop12,1\lab5 dop12,1\lab5 dop12,1.cpp(45,9):
         		может быть "int"
         		C:\Users\user\Desktop\VS\оаип\2 сем\лр5\lab5 dop12,1\lab5 dop12,1\lab5 dop12,1.cpp(45,9):
         		или       "char"
         	C:\Users\user\Desktop\VS\оаип\2 сем\лр5\lab5 dop12,1\lab5 dop12,1\lab5 dop12,1.cpp(45,9):
         	'std::basic_istream<_Elem,_Traits> &std::operator >>(std::basic_istream<_Elem,_Traits> &,_Elem &)': не удалось вывести аргумент шаблон для '_Elem &' из 'int'
         C:\Program Files\Microsoft Visual Studio\2022\Community\VC\Tools\MSVC\14.38.33130\include\istream(852,31):
         или       "std::basic_istream<char,_Traits> &std::operator >>(std::basic_istream<char,_Traits> &,unsigned char *)"
         	C:\Users\user\Desktop\VS\оаип\2 сем\лр5\lab5 dop12,1\lab5 dop12,1\lab5 dop12,1.cpp(45,25):
         	инициализация: невозможно преобразовать "int" в "unsigned char *"
         		C:\Users\user\Desktop\VS\оаип\2 сем\лр5\lab5 dop12,1\lab5 dop12,1\lab5 dop12,1.cpp(45,25):
         		Для преобразования из целого типа в указатель требуется reinterpret_cast, приведение в стиле С или приведение в стиле функции в круглых скобках
         C:\Program Files\Microsoft Visual Studio\2022\Community\VC\Tools\MSVC\14.38.33130\include\istream(847,31):
         или       "std::basic_istream<char,_Traits> &std::operator >>(std::basic_istream<char,_Traits> &,signed char *)"
         	C:\Users\user\Desktop\VS\оаип\2 сем\лр5\lab5 dop12,1\lab5 dop12,1\lab5 dop12,1.cpp(45,25):
         	инициализация: невозможно преобразовать "int" в "signed char *"
         		C:\Users\user\Desktop\VS\оаип\2 сем\лр5\lab5 dop12,1\lab5 dop12,1\lab5 dop12,1.cpp(45,25):
         		Для преобразования из целого типа в указатель требуется reinterpret_cast, приведение в стиле С или приведение в стиле функции в круглых скобках
         C:\Program Files\Microsoft Visual Studio\2022\Community\VC\Tools\MSVC\14.38.33130\include\istream(842,32):
         или       "std::basic_istream<_Elem,_Traits> &std::operator >>(std::basic_istream<_Elem,_Traits> &,_Elem *)"
         	C:\Users\user\Desktop\VS\оаип\2 сем\лр5\lab5 dop12,1\lab5 dop12,1\lab5 dop12,1.cpp(45,9):
         	'std::basic_istream<_Elem,_Traits> &std::operator >>(std::basic_istream<_Elem,_Traits> &,_Elem *)': не удалось вывести аргумент шаблон для '_Elem *' из 'int'
         C:\Program Files\Microsoft Visual Studio\2022\Community\VC\Tools\MSVC\14.38.33130\include\xstring(5144,32):
         или       "std::basic_istream<_Elem,_Traits> &std::operator >>(std::basic_istream<_Elem,_Traits> &,std::basic_string<_Elem,_Traits,_Alloc> &)"
         	C:\Users\user\Desktop\VS\оаип\2 сем\лр5\lab5 dop12,1\lab5 dop12,1\lab5 dop12,1.cpp(45,9):
         	'std::basic_istream<_Elem,_Traits> &std::operator >>(std::basic_istream<_Elem,_Traits> &,std::basic_string<_Elem,_Traits,_Alloc> &)': не удалось вывести аргумент шаблон для 'std::basic_string<_Elem,_Traits,_Alloc> &' из 'int'
         C:\Users\user\Desktop\VS\оаип\2 сем\лр5\lab5 dop12,1\lab5 dop12,1\lab5 dop12,1.cpp(45,9):
         при попытке сопоставить список аргументов "(std::istream, int)"
         
     1>Сборка проекта "C:\Users\user\Desktop\VS\оаип\2 сем\лр5\lab5 dop12,1\lab5 dop12,1\lab5 dop12,1.vcxproj" завершена (целевые объекты Build) с ошибкой.

Ошибка сборки.

       "C:\Users\user\Desktop\VS\оаип\2 сем\лр5\lab5 dop12,1\lab5 dop12,1\lab5 dop12,1.vcxproj" (целевой объект Build ) (1) ->
       (Целевой объект ClCompile) -> 
         C:\Users\user\Desktop\VS\оаип\2 сем\лр5\lab5 dop12,1\lab5 dop12,1\lab5 dop12,1.cpp(41,9): error C2678: бинарный ">>": не найден оператор, принимающий левый операнд типа "std::istream" (или приемлемое преобразование отсутствует)
         C:\Users\user\Desktop\VS\оаип\2 сем\лр5\lab5 dop12,1\lab5 dop12,1\lab5 dop12,1.cpp(43,9): error C2678: бинарный ">>": не найден оператор, принимающий левый операнд типа "std::istream" (или приемлемое преобразование отсутствует)
         C:\Users\user\Desktop\VS\оаип\2 сем\лр5\lab5 dop12,1\lab5 dop12,1\lab5 dop12,1.cpp(45,9): error C2678: бинарный ">>": не найден оператор, принимающий левый операнд типа "std::istream" (или приемлемое преобразование отсутствует)

    Предупреждений: 0
    Ошибок: 3

Прошло времени 00:00:01.23
