Сборка начата 20.05.2024 18:54:32.
Уровень детализации журнала: Normal.     1>Проект "C:\Users\bartyy\Desktop\ЛАБЫ\2sem\АИСД ШИМАН\lab06\laba6\lab6\lab6.vcxproj" в узле 2 (целевые объекты Build).
     1>PrepareForBuild:
         Структурированный вывод включен. Форматирование диагностики компилятора будет отражать иерархию ошибок. Подробнее см. https://aka.ms/cpp/structured-output.
         Создание каталога "C:\Users\bartyy\Desktop\ЛАБЫ\2sem\АИСД ШИМАН\lab06\laba6\x64\Debug\".
         Создание каталога "x64\Debug\lab6.tlog\".
       InitializeBuildStatus:
         Создание "x64\Debug\lab6.tlog\unsuccessfulbuild", так как было задано "AlwaysCreate".
         Обращение к "x64\Debug\lab6.tlog\unsuccessfulbuild".
       ClCompile:
         C:\Program Files\Microsoft Visual Studio\2022\Enterprise\VC\Tools\MSVC\14.38.33130\bin\HostX64\x64\CL.exe /c /ZI /JMC /nologo /W3 /WX- /diagnostics:column /sdl /Od /D _DEBUG /D _CONSOLE /D _UNICODE /D UNICODE /Gm- /EHsc /RTC1 /MDd /GS /fp:precise /Zc:wchar_t /Zc:forScope /Zc:inline /permissive- /Fo"x64\Debug\\" /Fd"x64\Debug\vc143.pdb" /external:W3 /Gd /TP /FC /errorReport:prompt lab6.cpp
         lab6.cpp
     1>C:\Users\bartyy\Desktop\ЛАБЫ\2sem\АИСД ШИМАН\lab06\laba6\lab6\lab6.cpp(7,1): warning C4005: INT_MAX: изменение макроопределения
         C:\Program Files\Microsoft Visual Studio\2022\Enterprise\VC\Tools\MSVC\14.38.33130\include\limits.h(36,1):
         см. предыдущее определение "INT_MAX"
         
     1>C:\Users\bartyy\Desktop\ЛАБЫ\2sem\АИСД ШИМАН\lab06\laba6\lab6\lab6.cpp(117,13): warning C4326: возвращаемый тип "main" должен быть "int", а не "void"
     1>C:\Users\bartyy\Desktop\ЛАБЫ\2sem\АИСД ШИМАН\lab06\laba6\lab6\lab6.cpp(140,10): warning C4804: <: небезопасное использование типа "bool" в операции
       Link:
         C:\Program Files\Microsoft Visual Studio\2022\Enterprise\VC\Tools\MSVC\14.38.33130\bin\HostX64\x64\link.exe /ERRORREPORT:PROMPT /OUT:"C:\Users\bartyy\Desktop\ЛАБЫ\2sem\АИСД ШИМАН\lab06\laba6\x64\Debug\lab6.exe" /INCREMENTAL /ILK:"x64\Debug\lab6.ilk" /NOLOGO kernel32.lib user32.lib gdi32.lib winspool.lib comdlg32.lib advapi32.lib shell32.lib ole32.lib oleaut32.lib uuid.lib odbc32.lib odbccp32.lib /MANIFEST /MANIFESTUAC:"level='asInvoker' uiAccess='false'" /manifest:embed /DEBUG /PDB:"C:\Users\bartyy\Desktop\ЛАБЫ\2sem\АИСД ШИМАН\lab06\laba6\x64\Debug\lab6.pdb" /SUBSYSTEM:CONSOLE /TLBID:1 /DYNAMICBASE /NXCOMPAT /IMPLIB:"C:\Users\bartyy\Desktop\ЛАБЫ\2sem\АИСД ШИМАН\lab06\laba6\x64\Debug\lab6.lib" /MACHINE:X64 x64\Debug\lab6.obj
         lab6.vcxproj -> C:\Users\bartyy\Desktop\ЛАБЫ\2sem\АИСД ШИМАН\lab06\laba6\x64\Debug\lab6.exe
       FinalizeBuildStatus:
         Файл "x64\Debug\lab6.tlog\unsuccessfulbuild" удаляется.
         Обращение к "x64\Debug\lab6.tlog\lab6.lastbuildstate".
     1>Сборка проекта "C:\Users\bartyy\Desktop\ЛАБЫ\2sem\АИСД ШИМАН\lab06\laba6\lab6\lab6.vcxproj" завершена (целевые объекты Build).

Сборка успешно завершена.

       "C:\Users\bartyy\Desktop\ЛАБЫ\2sem\АИСД ШИМАН\lab06\laba6\lab6\lab6.vcxproj" (целевой объект Build ) (1) ->
       (Целевой объект ClCompile) -> 
         C:\Users\bartyy\Desktop\ЛАБЫ\2sem\АИСД ШИМАН\lab06\laba6\lab6\lab6.cpp(7,1): warning C4005: INT_MAX: изменение макроопределения
         C:\Users\bartyy\Desktop\ЛАБЫ\2sem\АИСД ШИМАН\lab06\laba6\lab6\lab6.cpp(117,13): warning C4326: возвращаемый тип "main" должен быть "int", а не "void"
         C:\Users\bartyy\Desktop\ЛАБЫ\2sem\АИСД ШИМАН\lab06\laba6\lab6\lab6.cpp(140,10): warning C4804: <: небезопасное использование типа "bool" в операции

    Предупреждений: 3
    Ошибок: 0

Прошло времени 00:00:00.90
