Сборка начата 23.02.2024 15:11:30.
Уровень детализации журнала: Normal.     1>Проект "C:\Users\bartyy\Desktop\ЛАБЫ\2sem\ОАИП БЕЛОДЕД\laba3\laba3\lab3_1\lab3_1.vcxproj" в узле 2 (целевые объекты Build).
     1>PrepareForBuild:
         Структурированный вывод включен. Форматирование диагностики компилятора будет отражать иерархию ошибок. Подробнее см. https://aka.ms/cpp/structured-output.
       InitializeBuildStatus:
         Создание "x64\Debug\lab3_1.tlog\unsuccessfulbuild", так как было задано "AlwaysCreate".
         Обращение к "x64\Debug\lab3_1.tlog\unsuccessfulbuild".
       ClCompile:
         C:\Program Files\Microsoft Visual Studio\2022\Enterprise\VC\Tools\MSVC\14.38.33130\bin\HostX64\x64\CL.exe /c /ZI /JMC /nologo /W3 /WX- /diagnostics:column /sdl /Od /D _DEBUG /D _CONSOLE /D _UNICODE /D UNICODE /Gm- /EHsc /RTC1 /MDd /GS /fp:precise /Zc:wchar_t /Zc:forScope /Zc:inline /permissive- /Fo"x64\Debug\\" /Fd"x64\Debug\vc143.pdb" /external:W3 /Gd /TP /FC /errorReport:prompt lab3_1.cpp
         lab3_1.cpp
     1>C:\Users\bartyy\Desktop\ЛАБЫ\2sem\ОАИП БЕЛОДЕД\laba3\laba3\lab3_1\lab3_1.cpp(20,35): warning C4267: +=: преобразование из "size_t" в "int"; возможна потеря данных
     1>C:\Users\bartyy\Desktop\ЛАБЫ\2sem\ОАИП БЕЛОДЕД\laba3\laba3\lab3_1\lab3_1.cpp(24,39): warning C4267: +=: преобразование из "size_t" в "int"; возможна потеря данных
       Link:
         C:\Program Files\Microsoft Visual Studio\2022\Enterprise\VC\Tools\MSVC\14.38.33130\bin\HostX64\x64\link.exe /ERRORREPORT:PROMPT /OUT:"C:\Users\bartyy\Desktop\ЛАБЫ\2sem\ОАИП БЕЛОДЕД\laba3\laba3\x64\Debug\lab3_1.exe" /INCREMENTAL /ILK:"x64\Debug\lab3_1.ilk" /NOLOGO kernel32.lib user32.lib gdi32.lib winspool.lib comdlg32.lib advapi32.lib shell32.lib ole32.lib oleaut32.lib uuid.lib odbc32.lib odbccp32.lib /MANIFEST /MANIFESTUAC:"level='asInvoker' uiAccess='false'" /manifest:embed /DEBUG /PDB:"C:\Users\bartyy\Desktop\ЛАБЫ\2sem\ОАИП БЕЛОДЕД\laba3\laba3\x64\Debug\lab3_1.pdb" /SUBSYSTEM:CONSOLE /TLBID:1 /DYNAMICBASE /NXCOMPAT /IMPLIB:"C:\Users\bartyy\Desktop\ЛАБЫ\2sem\ОАИП БЕЛОДЕД\laba3\laba3\x64\Debug\lab3_1.lib" /MACHINE:X64 x64\Debug\lab3_1.obj
         lab3_1.vcxproj -> C:\Users\bartyy\Desktop\ЛАБЫ\2sem\ОАИП БЕЛОДЕД\laba3\laba3\x64\Debug\lab3_1.exe
       FinalizeBuildStatus:
         Файл "x64\Debug\lab3_1.tlog\unsuccessfulbuild" удаляется.
         Обращение к "x64\Debug\lab3_1.tlog\lab3_1.lastbuildstate".
     1>Сборка проекта "C:\Users\bartyy\Desktop\ЛАБЫ\2sem\ОАИП БЕЛОДЕД\laba3\laba3\lab3_1\lab3_1.vcxproj" завершена (целевые объекты Build).

Сборка успешно завершена.

       "C:\Users\bartyy\Desktop\ЛАБЫ\2sem\ОАИП БЕЛОДЕД\laba3\laba3\lab3_1\lab3_1.vcxproj" (целевой объект Build ) (1) ->
       (Целевой объект ClCompile) -> 
         C:\Users\bartyy\Desktop\ЛАБЫ\2sem\ОАИП БЕЛОДЕД\laba3\laba3\lab3_1\lab3_1.cpp(20,35): warning C4267: +=: преобразование из "size_t" в "int"; возможна потеря данных
         C:\Users\bartyy\Desktop\ЛАБЫ\2sem\ОАИП БЕЛОДЕД\laba3\laba3\lab3_1\lab3_1.cpp(24,39): warning C4267: +=: преобразование из "size_t" в "int"; возможна потеря данных

    Предупреждений: 2
    Ошибок: 0

Прошло времени 00:00:00.44
