Сборка начата 10.05.2024 13:40:42.
Уровень детализации журнала: Normal.     1>Проект "C:\Users\bartyy\Desktop\ЛАБЫ\2sem\ОАИП БЕЛОДЕД\laba12+\lab12\laba12\laba12.vcxproj" в узле 2 (целевые объекты Build).
     1>PrepareForBuild:
         Структурированный вывод включен. Форматирование диагностики компилятора будет отражать иерархию ошибок. Подробнее см. https://aka.ms/cpp/structured-output.
       InitializeBuildStatus:
         Создание "x64\Debug\laba12.tlog\unsuccessfulbuild", так как было задано "AlwaysCreate".
         Обращение к "x64\Debug\laba12.tlog\unsuccessfulbuild".
       ClCompile:
         C:\Program Files\Microsoft Visual Studio\2022\Enterprise\VC\Tools\MSVC\14.38.33130\bin\HostX64\x64\CL.exe /c /ZI /JMC /nologo /W3 /WX- /diagnostics:column /sdl /Od /D _DEBUG /D _CONSOLE /D _UNICODE /D UNICODE /Gm- /EHsc /RTC1 /MDd /GS /fp:precise /Zc:wchar_t /Zc:forScope /Zc:inline /permissive- /Fo"x64\Debug\\" /Fd"x64\Debug\vc143.pdb" /external:W3 /Gd /TP /FC /errorReport:prompt Heap.cpp laba12.cpp
         Heap.cpp
         laba12.cpp
         Создание кода...
       Link:
         C:\Program Files\Microsoft Visual Studio\2022\Enterprise\VC\Tools\MSVC\14.38.33130\bin\HostX64\x64\link.exe /ERRORREPORT:PROMPT /OUT:"C:\Users\bartyy\Desktop\ЛАБЫ\2sem\ОАИП БЕЛОДЕД\laba12+\lab12\x64\Debug\laba12.exe" /INCREMENTAL /ILK:"x64\Debug\laba12.ilk" /NOLOGO kernel32.lib user32.lib gdi32.lib winspool.lib comdlg32.lib advapi32.lib shell32.lib ole32.lib oleaut32.lib uuid.lib odbc32.lib odbccp32.lib /MANIFEST /MANIFESTUAC:"level='asInvoker' uiAccess='false'" /manifest:embed /DEBUG /PDB:"C:\Users\bartyy\Desktop\ЛАБЫ\2sem\ОАИП БЕЛОДЕД\laba12+\lab12\x64\Debug\laba12.pdb" /SUBSYSTEM:CONSOLE /TLBID:1 /DYNAMICBASE /NXCOMPAT /IMPLIB:"C:\Users\bartyy\Desktop\ЛАБЫ\2sem\ОАИП БЕЛОДЕД\laba12+\lab12\x64\Debug\laba12.lib" /MACHINE:X64 x64\Debug\Heap.obj
         x64\Debug\laba12.obj
         laba12.vcxproj -> C:\Users\bartyy\Desktop\ЛАБЫ\2sem\ОАИП БЕЛОДЕД\laba12+\lab12\x64\Debug\laba12.exe
       TlogCleanup:
         Следующие элементы будут удалены из tlogs, так как они были удалены из проекта или сборки: C:\Users\bartyy\Desktop\ЛАБЫ\2sem\ОАИП БЕЛОДЕД\laba12\lab12\laba12\Heap.cpp.
       FinalizeBuildStatus:
         Файл "x64\Debug\laba12.tlog\unsuccessfulbuild" удаляется.
         Обращение к "x64\Debug\laba12.tlog\laba12.lastbuildstate".
     1>Сборка проекта "C:\Users\bartyy\Desktop\ЛАБЫ\2sem\ОАИП БЕЛОДЕД\laba12+\lab12\laba12\laba12.vcxproj" завершена (целевые объекты Build).

Сборка успешно завершена.
    Предупреждений: 0
    Ошибок: 0

Прошло времени 00:00:01.06
