Сборка начата 18.02.2024 12:27:25.
Уровень детализации журнала: Normal.     1>Проект "D:\education\raboti\Labi\AiSD_1sem\lab04\lab4\lab4-2\lab4-2.vcxproj" в узле 2 (целевые объекты Build).
     1>InitializeBuildStatus:
         Создание "x64\Debug\lab4-2.tlog\unsuccessfulbuild", так как было задано "AlwaysCreate".
         Обращение к "x64\Debug\lab4-2.tlog\unsuccessfulbuild".
       ClCompile:
         C:\Program Files\Microsoft Visual Studio\2022\Community\VC\Tools\MSVC\14.37.32822\bin\HostX64\x64\CL.exe /c /ZI /JMC /nologo /W3 /WX- /diagnostics:column /sdl /Od /D _DEBUG /D _CONSOLE /D _UNICODE /D UNICODE /Gm- /EHsc /RTC1 /MDd /GS /fp:precise /Zc:wchar_t /Zc:forScope /Zc:inline /permissive- /Fo"x64\Debug\\" /Fd"x64\Debug\vc143.pdb" /external:W3 /Gd /TP /FC /errorReport:prompt "lab4-2.cpp"
         lab4-2.cpp
     1>D:\education\raboti\Labi\AiSD_1sem\lab04\lab4\lab4-2\lab4-2.cpp(52,12): warning C4018: >: несоответствие типов со знаком и без знака
     1>D:\education\raboti\Labi\AiSD_1sem\lab04\lab4\lab4-2\lab4-2.cpp(57,12): warning C4018: >: несоответствие типов со знаком и без знака
     1>D:\education\raboti\Labi\AiSD_1sem\lab04\lab4\lab4-2\lab4-2.cpp(11,12): warning C4101: k: неиспользованная локальная переменная
       Link:
         C:\Program Files\Microsoft Visual Studio\2022\Community\VC\Tools\MSVC\14.37.32822\bin\HostX64\x64\link.exe /ERRORREPORT:PROMPT /OUT:"D:\education\raboti\Labi\AiSD_1sem\lab04\lab4\x64\Debug\lab4-2.exe" /INCREMENTAL /ILK:"x64\Debug\lab4-2.ilk" /NOLOGO kernel32.lib user32.lib gdi32.lib winspool.lib comdlg32.lib advapi32.lib shell32.lib ole32.lib oleaut32.lib uuid.lib odbc32.lib odbccp32.lib /MANIFEST /MANIFESTUAC:"level='asInvoker' uiAccess='false'" /manifest:embed /DEBUG /PDB:"D:\education\raboti\Labi\AiSD_1sem\lab04\lab4\x64\Debug\lab4-2.pdb" /SUBSYSTEM:CONSOLE /TLBID:1 /DYNAMICBASE /NXCOMPAT /IMPLIB:"D:\education\raboti\Labi\AiSD_1sem\lab04\lab4\x64\Debug\lab4-2.lib" /MACHINE:X64 "x64\Debug\lab4-2.obj"
         lab4-2.vcxproj -> D:\education\raboti\Labi\AiSD_1sem\lab04\lab4\x64\Debug\lab4-2.exe
       FinalizeBuildStatus:
         Файл "x64\Debug\lab4-2.tlog\unsuccessfulbuild" удаляется.
         Обращение к "x64\Debug\lab4-2.tlog\lab4-2.lastbuildstate".
     1>Сборка проекта "D:\education\raboti\Labi\AiSD_1sem\lab04\lab4\lab4-2\lab4-2.vcxproj" завершена (целевые объекты Build).

Сборка успешно завершена.

       "D:\education\raboti\Labi\AiSD_1sem\lab04\lab4\lab4-2\lab4-2.vcxproj" (целевой объект Build ) (1) ->
       (Целевой объект ClCompile) -> 
         D:\education\raboti\Labi\AiSD_1sem\lab04\lab4\lab4-2\lab4-2.cpp(52,12): warning C4018: >: несоответствие типов со знаком и без знака
         D:\education\raboti\Labi\AiSD_1sem\lab04\lab4\lab4-2\lab4-2.cpp(57,12): warning C4018: >: несоответствие типов со знаком и без знака
         D:\education\raboti\Labi\AiSD_1sem\lab04\lab4\lab4-2\lab4-2.cpp(11,12): warning C4101: k: неиспользованная локальная переменная

    Предупреждений: 3
    Ошибок: 0

Прошло времени 00:00:00.57
