Сборка начата 03.05.2024 14:12:57.
Уровень детализации журнала: Normal.     1>Проект "C:\Users\bartyy\Desktop\ЛАБЫ\2sem\ОАИП БЕЛОДЕД\laba13\lab13\laba13\laba13.vcxproj" в узле 2 (целевые объекты Build).
     1>PrepareForBuild:
         Структурированный вывод включен. Форматирование диагностики компилятора будет отражать иерархию ошибок. Подробнее см. https://aka.ms/cpp/structured-output.
       InitializeBuildStatus:
         Обращение к "x64\Debug\laba13.tlog\unsuccessfulbuild".
       ClCompile:
         C:\Program Files\Microsoft Visual Studio\2022\Enterprise\VC\Tools\MSVC\14.38.33130\bin\HostX64\x64\CL.exe /c /ZI /JMC /nologo /W3 /WX- /diagnostics:column /sdl /Od /D _DEBUG /D _CONSOLE /D _UNICODE /D UNICODE /Gm- /EHsc /RTC1 /MDd /GS /fp:precise /Zc:wchar_t /Zc:forScope /Zc:inline /permissive- /Fo"x64\Debug\\" /Fd"x64\Debug\vc143.pdb" /external:W3 /Gd /TP /FC /errorReport:prompt laba13.cpp
         laba13.cpp
     1>C:\Users\bartyy\Desktop\ЛАБЫ\2sem\ОАИП БЕЛОДЕД\laba13\lab13\laba13\laba13.cpp(123,15): warning C4244: аргумент: преобразование "time_t" в "unsigned int", возможна потеря данных
       Link:
         C:\Program Files\Microsoft Visual Studio\2022\Enterprise\VC\Tools\MSVC\14.38.33130\bin\HostX64\x64\link.exe /ERRORREPORT:PROMPT /OUT:"C:\Users\bartyy\Desktop\ЛАБЫ\2sem\ОАИП БЕЛОДЕД\laba13\lab13\x64\Debug\laba13.exe" /INCREMENTAL /ILK:"x64\Debug\laba13.ilk" /NOLOGO kernel32.lib user32.lib gdi32.lib winspool.lib comdlg32.lib advapi32.lib shell32.lib ole32.lib oleaut32.lib uuid.lib odbc32.lib odbccp32.lib /MANIFEST /MANIFESTUAC:"level='asInvoker' uiAccess='false'" /manifest:embed /DEBUG /PDB:"C:\Users\bartyy\Desktop\ЛАБЫ\2sem\ОАИП БЕЛОДЕД\laba13\lab13\x64\Debug\laba13.pdb" /SUBSYSTEM:CONSOLE /TLBID:1 /DYNAMICBASE /NXCOMPAT /IMPLIB:"C:\Users\bartyy\Desktop\ЛАБЫ\2sem\ОАИП БЕЛОДЕД\laba13\lab13\x64\Debug\laba13.lib" /MACHINE:X64 x64\Debug\laba13.obj
         laba13.vcxproj -> C:\Users\bartyy\Desktop\ЛАБЫ\2sem\ОАИП БЕЛОДЕД\laba13\lab13\x64\Debug\laba13.exe
       FinalizeBuildStatus:
         Файл "x64\Debug\laba13.tlog\unsuccessfulbuild" удаляется.
         Обращение к "x64\Debug\laba13.tlog\laba13.lastbuildstate".
     1>Сборка проекта "C:\Users\bartyy\Desktop\ЛАБЫ\2sem\ОАИП БЕЛОДЕД\laba13\lab13\laba13\laba13.vcxproj" завершена (целевые объекты Build).

Сборка успешно завершена.

       "C:\Users\bartyy\Desktop\ЛАБЫ\2sem\ОАИП БЕЛОДЕД\laba13\lab13\laba13\laba13.vcxproj" (целевой объект Build ) (1) ->
       (Целевой объект ClCompile) -> 
         C:\Users\bartyy\Desktop\ЛАБЫ\2sem\ОАИП БЕЛОДЕД\laba13\lab13\laba13\laba13.cpp(123,15): warning C4244: аргумент: преобразование "time_t" в "unsigned int", возможна потеря данных

    Предупреждений: 1
    Ошибок: 0

Прошло времени 00:00:00.48
