Сборка начата 14.03.2024 5:15:29.
Уровень детализации журнала: Normal.     1>Проект "C:\Users\user\Desktop\VS\оаип\2 сем\лр7\lab7\lab7 dop3\lab7 dop3.vcxproj" в узле 2 (целевые объекты Build).
     1>PrepareForBuild:
         Структурированный вывод включен. Форматирование диагностики компилятора будет отражать иерархию ошибок. Подробнее см. https://aka.ms/cpp/structured-output.
       InitializeBuildStatus:
         Создание "x64\Debug\lab7 dop3.tlog\unsuccessfulbuild", так как было задано "AlwaysCreate".
         Обращение к "x64\Debug\lab7 dop3.tlog\unsuccessfulbuild".
       ClCompile:
         C:\Program Files\Microsoft Visual Studio\2022\Community\VC\Tools\MSVC\14.38.33130\bin\HostX64\x64\CL.exe /c /ZI /JMC /nologo /W3 /WX- /diagnostics:column /sdl /Od /D _DEBUG /D _CONSOLE /D _UNICODE /D UNICODE /Gm- /EHsc /RTC1 /MDd /GS /fp:precise /Zc:wchar_t /Zc:forScope /Zc:inline /permissive- /Fo"x64\Debug\\" /Fd"x64\Debug\vc143.pdb" /external:W3 /Gd /TP /FC /errorReport:prompt Source.cpp "lab7 dop3.cpp"
         Source.cpp
         lab7 dop3.cpp
         Создание кода...
     1>C:\Users\user\Desktop\VS\оаип\2 сем\лр7\lab7\lab7 dop3\Source.cpp(89): warning C4715: clear: значение возвращается не при всех путях выполнения
       Link:
         C:\Program Files\Microsoft Visual Studio\2022\Community\VC\Tools\MSVC\14.38.33130\bin\HostX64\x64\link.exe /ERRORREPORT:PROMPT /OUT:"C:\Users\user\Desktop\VS\оаип\2 сем\лр7\lab7\x64\Debug\lab7 dop3.exe" /INCREMENTAL /ILK:"x64\Debug\lab7 dop3.ilk" /NOLOGO kernel32.lib user32.lib gdi32.lib winspool.lib comdlg32.lib advapi32.lib shell32.lib ole32.lib oleaut32.lib uuid.lib odbc32.lib odbccp32.lib /MANIFEST /MANIFESTUAC:"level='asInvoker' uiAccess='false'" /manifest:embed /DEBUG /PDB:"C:\Users\user\Desktop\VS\оаип\2 сем\лр7\lab7\x64\Debug\lab7 dop3.pdb" /SUBSYSTEM:CONSOLE /TLBID:1 /DYNAMICBASE /NXCOMPAT /IMPLIB:"C:\Users\user\Desktop\VS\оаип\2 сем\лр7\lab7\x64\Debug\lab7 dop3.lib" /MACHINE:X64 "x64\Debug\lab7 dop3.obj"
         x64\Debug\Source.obj
         lab7 dop3.vcxproj -> C:\Users\user\Desktop\VS\оаип\2 сем\лр7\lab7\x64\Debug\lab7 dop3.exe
       FinalizeBuildStatus:
         Файл "x64\Debug\lab7 dop3.tlog\unsuccessfulbuild" удаляется.
         Обращение к "x64\Debug\lab7 dop3.tlog\lab7 dop3.lastbuildstate".
     1>Сборка проекта "C:\Users\user\Desktop\VS\оаип\2 сем\лр7\lab7\lab7 dop3\lab7 dop3.vcxproj" завершена (целевые объекты Build).

Сборка успешно завершена.

       "C:\Users\user\Desktop\VS\оаип\2 сем\лр7\lab7\lab7 dop3\lab7 dop3.vcxproj" (целевой объект Build ) (1) ->
       (Целевой объект ClCompile) -> 
         C:\Users\user\Desktop\VS\оаип\2 сем\лр7\lab7\lab7 dop3\Source.cpp(89): warning C4715: clear: значение возвращается не при всех путях выполнения

    Предупреждений: 1
    Ошибок: 0

Прошло времени 00:00:01.66
