Сборка начата 29.04.2024 0:17:06.
Уровень детализации журнала: Normal.     1>Проект "C:\Users\bartyy\Desktop\ЛАБЫ\2sem\КПО НАРКЕВИЧ\laba6\lab_6L\lab_6LEx\lab_6LEx.vcxproj" в узле 2 (целевые объекты Build).
     1>PrepareForBuild:
         Структурированный вывод включен. Форматирование диагностики компилятора будет отражать иерархию ошибок. Подробнее см. https://aka.ms/cpp/structured-output.
       InitializeBuildStatus:
         Создание "Debug\lab_6LEx.tlog\unsuccessfulbuild", так как было задано "AlwaysCreate".
         Обращение к "Debug\lab_6LEx.tlog\unsuccessfulbuild".
       ClCompile:
         C:\Program Files\Microsoft Visual Studio\2022\Enterprise\VC\Tools\MSVC\14.38.33130\bin\HostX86\x86\CL.exe /c /ZI /JMC /nologo /W3 /WX- /diagnostics:column /sdl /Od /Oy- /D WIN32 /D _DEBUG /D _CONSOLE /D _UNICODE /D UNICODE /Gm- /EHsc /RTC1 /MDd /GS /fp:precise /Zc:wchar_t /Zc:forScope /Zc:inline /permissive- /Fo"Debug\\" /Fd"C:\Users\bartyy\Desktop\ЛАБЫ\2sem\КПО НАРКЕВИЧ\laba6\lab_6L\Debug\lab_6LEx.pdb" /external:W3 /Gd /TP /analyze- /FC /errorReport:prompt DIctionary.cpp
         DIctionary.cpp
       Lib:
         C:\Program Files\Microsoft Visual Studio\2022\Enterprise\VC\Tools\MSVC\14.38.33130\bin\HostX86\x86\Lib.exe /OUT:"C:\Users\bartyy\Desktop\ЛАБЫ\2sem\КПО НАРКЕВИЧ\laba6\lab_6L\Debug\lab_6LEx.lib" /NOLOGO /MACHINE:X86 Debug\DIctionary.obj
         lab_6LEx.vcxproj -> C:\Users\bartyy\Desktop\ЛАБЫ\2sem\КПО НАРКЕВИЧ\laba6\lab_6L\Debug\lab_6LEx.lib
       TlogCleanup:
         Следующие элементы будут удалены из tlogs, так как они были удалены из проекта или сборки: D:\laby\2_sem\kpo\6_laba\lab_6L\lab_6LEx\DIctionary.cpp.
       FinalizeBuildStatus:
         Файл "Debug\lab_6LEx.tlog\unsuccessfulbuild" удаляется.
         Обращение к "Debug\lab_6LEx.tlog\lab_6LEx.lastbuildstate".
     1>Сборка проекта "C:\Users\bartyy\Desktop\ЛАБЫ\2sem\КПО НАРКЕВИЧ\laba6\lab_6L\lab_6LEx\lab_6LEx.vcxproj" завершена (целевые объекты Build).

Сборка успешно завершена.
    Предупреждений: 0
    Ошибок: 0

Прошло времени 00:00:00.52
