Сборка начата 09.02.2024 18:16:59.
Уровень детализации журнала: Normal.     1>Проект "D:\education\raboti\Labi\KPO_2sem\lab1\lab1-1\lab1\lab2.vcxproj" в узле 2 (целевые объекты Build).
     1>PrepareForBuild:
         Создание каталога "D:\education\raboti\Labi\KPO_2sem\lab1\lab1-1\Release\".
         Создание каталога "Release\lab1-1.tlog\".
       InitializeBuildStatus:
         Создание "Release\lab1-1.tlog\unsuccessfulbuild", так как было задано "AlwaysCreate".
         Обращение к "Release\lab1-1.tlog\unsuccessfulbuild".
       MakeDirsForCl:
         Создание каталога "D:\education\raboti\Labi\KPO_2sem\lab1\lab1-1\lab1\(".
       ClCompile:
         C:\Program Files\Microsoft Visual Studio\2022\Community\VC\Tools\MSVC\14.37.32822\bin\HostX86\x86\CL.exe /c /Zi /nologo /W3 /WX- /diagnostics:column /sdl /O2 /Oi /Oy- /GL /D WIN32 /D NDEBUG /D _CONSOLE /D _UNICODE /D UNICODE /Gm- /EHsc /MD /GS /Gy /fp:precise /Zc:wchar_t /Zc:forScope /Zc:inline /permissive- /FAcs /Fa"(/Fa)" /Fo"Release\\" /Fd"Release\vc143.pdb" /external:W3 /Gd /TP /analyze- /FC /errorReport:prompt lab1.cpp
         lab1.cpp
       Link:
         C:\Program Files\Microsoft Visual Studio\2022\Community\VC\Tools\MSVC\14.37.32822\bin\HostX86\x86\link.exe /ERRORREPORT:PROMPT /OUT:"D:\education\raboti\Labi\KPO_2sem\lab1\lab1-1\Release\lab1-1.exe" /NOLOGO kernel32.lib user32.lib gdi32.lib winspool.lib comdlg32.lib advapi32.lib shell32.lib ole32.lib oleaut32.lib uuid.lib odbc32.lib odbccp32.lib /MANIFEST /MANIFESTUAC:"level='asInvoker' uiAccess='false'" /manifest:embed /DEBUG /PDB:"D:\education\raboti\Labi\KPO_2sem\lab1\lab1-1\Release\lab1-1.pdb" /SUBSYSTEM:CONSOLE /OPT:REF /OPT:ICF /LTCG:incremental /LTCGOUT:"Release\lab1-1.iobj" /TLBID:1 /DYNAMICBASE /NXCOMPAT /IMPLIB:"D:\education\raboti\Labi\KPO_2sem\lab1\lab1-1\Release\lab1-1.lib" /MACHINE:X86 /SAFESEH Release\lab1.obj
         Создание кода
         Previous IPDB not found, fall back to full compilation.
         All 15 functions were compiled because no usable IPDB/IOBJ from previous compilation was found.
         Создание кода завершено
         lab2.vcxproj -> D:\education\raboti\Labi\KPO_2sem\lab1\lab1-1\Release\lab1-1.exe
       FinalizeBuildStatus:
         Файл "Release\lab1-1.tlog\unsuccessfulbuild" удаляется.
         Обращение к "Release\lab1-1.tlog\lab1-1.lastbuildstate".
     1>Сборка проекта "D:\education\raboti\Labi\KPO_2sem\lab1\lab1-1\lab1\lab2.vcxproj" завершена (целевые объекты Build).

Сборка успешно завершена.
    Предупреждений: 0
    Ошибок: 0

Прошло времени 00:00:01.16
