Сборка начата 10.05.2024 13:17:42.
Уровень детализации журнала: Normal.     1>Проект "C:\Users\bartyy\Desktop\ЛАБЫ\2sem\КПО НАРКЕВИЧ\laba9\lab_9\lab_9\lab_9.vcxproj" в узле 2 (целевые объекты Build).
     1>PrepareForBuild:
         Структурированный вывод включен. Форматирование диагностики компилятора будет отражать иерархию ошибок. Подробнее см. https://aka.ms/cpp/structured-output.
       InitializeBuildStatus:
         Создание "Debug\lab_9.tlog\unsuccessfulbuild", так как было задано "AlwaysCreate".
         Обращение к "Debug\lab_9.tlog\unsuccessfulbuild".
       ClCompile:
         C:\Program Files\Microsoft Visual Studio\2022\Enterprise\VC\Tools\MSVC\14.38.33130\bin\HostX86\x86\CL.exe /c /ZI /JMC /nologo /W3 /WX- /diagnostics:column /sdl /Od /Oy- /D WIN32 /D _DEBUG /D _CONSOLE /D _UNICODE /D UNICODE /Gm- /EHsc /RTC1 /MDd /GS /fp:precise /Zc:wchar_t /Zc:forScope /Zc:inline /permissive- /Fo"Debug\\" /Fd"Debug\vc143.pdb" /external:W3 /Gd /TP /analyze- /FC /errorReport:prompt lab_9.cpp Varparm.cpp
         lab_9.cpp
     1>C:\Users\bartyy\Desktop\ЛАБЫ\2sem\КПО НАРКЕВИЧ\laba9\lab_9\lab_9\lab_9.cpp(4,13): warning C4326: возвращаемый тип "main" должен быть "int", а не "void"
         Varparm.cpp
         Создание кода...
       Link:
         C:\Program Files\Microsoft Visual Studio\2022\Enterprise\VC\Tools\MSVC\14.38.33130\bin\HostX86\x86\link.exe /ERRORREPORT:PROMPT /OUT:"C:\Users\bartyy\Desktop\ЛАБЫ\2sem\КПО НАРКЕВИЧ\laba9\lab_9\Debug\lab_9.exe" /INCREMENTAL /ILK:"Debug\lab_9.ilk" /NOLOGO kernel32.lib user32.lib gdi32.lib winspool.lib comdlg32.lib advapi32.lib shell32.lib ole32.lib oleaut32.lib uuid.lib odbc32.lib odbccp32.lib /MANIFEST /MANIFESTUAC:"level='asInvoker' uiAccess='false'" /manifest:embed /DEBUG /PDB:"C:\Users\bartyy\Desktop\ЛАБЫ\2sem\КПО НАРКЕВИЧ\laba9\lab_9\Debug\lab_9.pdb" /SUBSYSTEM:CONSOLE /TLBID:1 /DYNAMICBASE /NXCOMPAT /IMPLIB:"C:\Users\bartyy\Desktop\ЛАБЫ\2sem\КПО НАРКЕВИЧ\laba9\lab_9\Debug\lab_9.lib" /MACHINE:X86 Debug\lab_9.obj
         Debug\Varparm.obj
         lab_9.vcxproj -> C:\Users\bartyy\Desktop\ЛАБЫ\2sem\КПО НАРКЕВИЧ\laba9\lab_9\Debug\lab_9.exe
       TlogCleanup:
         Следующие элементы будут удалены из tlogs, так как они были удалены из проекта или сборки: D:\laby\2_sem\kpo\9_лаба\lab_9\lab_9\lab_9.cpp.
       FinalizeBuildStatus:
         Файл "Debug\lab_9.tlog\unsuccessfulbuild" удаляется.
         Обращение к "Debug\lab_9.tlog\lab_9.lastbuildstate".
     1>Сборка проекта "C:\Users\bartyy\Desktop\ЛАБЫ\2sem\КПО НАРКЕВИЧ\laba9\lab_9\lab_9\lab_9.vcxproj" завершена (целевые объекты Build).

Сборка успешно завершена.

       "C:\Users\bartyy\Desktop\ЛАБЫ\2sem\КПО НАРКЕВИЧ\laba9\lab_9\lab_9\lab_9.vcxproj" (целевой объект Build ) (1) ->
       (Целевой объект ClCompile) -> 
         C:\Users\bartyy\Desktop\ЛАБЫ\2sem\КПО НАРКЕВИЧ\laba9\lab_9\lab_9\lab_9.cpp(4,13): warning C4326: возвращаемый тип "main" должен быть "int", а не "void"

    Предупреждений: 1
    Ошибок: 0

Прошло времени 00:00:01.49
